[35m[1mScanning dependencies of target _gazebo_msgs_generate_messages_check_deps_SetLightProperties[0m
[  0%] Built target _gazebo_msgs_generate_messages_check_deps_SetLightProperties
[35m[1mScanning dependencies of target _gazebo_msgs_generate_messages_check_deps_SetLinkProperties[0m
[  0%] Built target _gazebo_msgs_generate_messages_check_deps_SetLinkProperties
[35m[1mScanning dependencies of target geometry_msgs_generate_messages_nodejs[0m
[  0%] Built target geometry_msgs_generate_messages_nodejs
[35m[1mScanning dependencies of target _gazebo_msgs_generate_messages_check_deps_SpawnModel[0m
[  0%] Built target _gazebo_msgs_generate_messages_check_deps_SpawnModel
[35m[1mScanning dependencies of target _gazebo_msgs_generate_messages_check_deps_BodyRequest[0m
[  0%] Built target _gazebo_msgs_generate_messages_check_deps_BodyRequest
[35m[1mScanning dependencies of target _gazebo_msgs_generate_messages_check_deps_ApplyJointEffort[0m
[  0%] Built target _gazebo_msgs_generate_messages_check_deps_ApplyJointEffort
[35m[1mScanning dependencies of target _gazebo_msgs_generate_messages_check_deps_GetModelState[0m
[  0%] Built target _gazebo_msgs_generate_messages_check_deps_GetModelState
[35m[1mScanning dependencies of target _gazebo_msgs_generate_messages_check_deps_GetJointProperties[0m
[  0%] Built target _gazebo_msgs_generate_messages_check_deps_GetJointProperties
[35m[1mScanning dependencies of target _gazebo_msgs_generate_messages_check_deps_SetLinkState[0m
[  0%] Built target _gazebo_msgs_generate_messages_check_deps_SetLinkState
[35m[1mScanning dependencies of target _gazebo_msgs_generate_messages_check_deps_LinkStates[0m
[  0%] Built target _gazebo_msgs_generate_messages_check_deps_LinkStates
[35m[1mScanning dependencies of target std_msgs_generate_messages_nodejs[0m
[  0%] Built target std_msgs_generate_messages_nodejs
[35m[1mScanning dependencies of target _gazebo_msgs_generate_messages_check_deps_SetJointProperties[0m
[  0%] Built target _gazebo_msgs_generate_messages_check_deps_SetJointProperties
[35m[1mScanning dependencies of target _gazebo_msgs_generate_messages_check_deps_DeleteLight[0m
[  0%] Built target _gazebo_msgs_generate_messages_check_deps_DeleteLight
[35m[1mScanning dependencies of target _gazebo_msgs_generate_messages_check_deps_ContactsState[0m
[  0%] Built target _gazebo_msgs_generate_messages_check_deps_ContactsState
[35m[1mScanning dependencies of target _gazebo_msgs_generate_messages_check_deps_WorldState[0m
[  0%] Built target _gazebo_msgs_generate_messages_check_deps_WorldState
[35m[1mScanning dependencies of target sensor_msgs_generate_messages_nodejs[0m
[  0%] Built target sensor_msgs_generate_messages_nodejs
[35m[1mScanning dependencies of target _gazebo_msgs_generate_messages_check_deps_GetWorldProperties[0m
[  0%] Built target _gazebo_msgs_generate_messages_check_deps_GetWorldProperties
[35m[1mScanning dependencies of target _gazebo_msgs_generate_messages_check_deps_GetLinkState[0m
[  0%] Built target _gazebo_msgs_generate_messages_check_deps_GetLinkState
[35m[1mScanning dependencies of target trajectory_msgs_generate_messages_nodejs[0m
[  0%] Built target trajectory_msgs_generate_messages_nodejs
[35m[1mScanning dependencies of target _gazebo_msgs_generate_messages_check_deps_ModelStates[0m
[  0%] Built target _gazebo_msgs_generate_messages_check_deps_ModelStates
[35m[1mScanning dependencies of target _gazebo_msgs_generate_messages_check_deps_ODEJointProperties[0m
[  0%] Built target _gazebo_msgs_generate_messages_check_deps_ODEJointProperties
[35m[1mScanning dependencies of target _gazebo_msgs_generate_messages_check_deps_JointRequest[0m
[  0%] Built target _gazebo_msgs_generate_messages_check_deps_JointRequest
[35m[1mScanning dependencies of target _gazebo_msgs_generate_messages_check_deps_GetLightProperties[0m
[  0%] Built target _gazebo_msgs_generate_messages_check_deps_GetLightProperties
[35m[1mScanning dependencies of target _gazebo_msgs_generate_messages_check_deps_LinkState[0m
[  0%] Built target _gazebo_msgs_generate_messages_check_deps_LinkState
[35m[1mScanning dependencies of target _gazebo_msgs_generate_messages_check_deps_PerformanceMetrics[0m
[  0%] Built target _gazebo_msgs_generate_messages_check_deps_PerformanceMetrics
[35m[1mScanning dependencies of target _gazebo_msgs_generate_messages_check_deps_ApplyBodyWrench[0m
[  0%] Built target _gazebo_msgs_generate_messages_check_deps_ApplyBodyWrench
[35m[1mScanning dependencies of target _gazebo_msgs_generate_messages_check_deps_SetModelConfiguration[0m
[  0%] Built target _gazebo_msgs_generate_messages_check_deps_SetModelConfiguration
[35m[1mScanning dependencies of target _gazebo_msgs_generate_messages_check_deps_SetPhysicsProperties[0m
[  0%] Built target _gazebo_msgs_generate_messages_check_deps_SetPhysicsProperties
[35m[1mScanning dependencies of target _gazebo_msgs_generate_messages_check_deps_ODEPhysics[0m
[  0%] Built target _gazebo_msgs_generate_messages_check_deps_ODEPhysics
[35m[1mScanning dependencies of target _gazebo_msgs_generate_messages_check_deps_SetJointTrajectory[0m
[  0%] Built target _gazebo_msgs_generate_messages_check_deps_SetJointTrajectory
[35m[1mScanning dependencies of target _gazebo_msgs_generate_messages_check_deps_GetLinkProperties[0m
[  0%] Built target _gazebo_msgs_generate_messages_check_deps_GetLinkProperties
[35m[1mScanning dependencies of target _gazebo_msgs_generate_messages_check_deps_ModelState[0m
[  0%] Built target _gazebo_msgs_generate_messages_check_deps_ModelState
[35m[1mScanning dependencies of target _gazebo_msgs_generate_messages_check_deps_ContactState[0m
[  0%] Built target _gazebo_msgs_generate_messages_check_deps_ContactState
[35m[1mScanning dependencies of target _gazebo_msgs_generate_messages_check_deps_SetModelState[0m
[  0%] Built target _gazebo_msgs_generate_messages_check_deps_SetModelState
[35m[1mScanning dependencies of target _gazebo_msgs_generate_messages_check_deps_GetPhysicsProperties[0m
[  0%] Built target _gazebo_msgs_generate_messages_check_deps_GetPhysicsProperties
[35m[1mScanning dependencies of target _gazebo_msgs_generate_messages_check_deps_GetModelProperties[0m
[  0%] Built target _gazebo_msgs_generate_messages_check_deps_GetModelProperties
[35m[1mScanning dependencies of target _gazebo_msgs_generate_messages_check_deps_DeleteModel[0m
[  0%] Built target _gazebo_msgs_generate_messages_check_deps_DeleteModel
[35m[1mScanning dependencies of target _gazebo_msgs_generate_messages_check_deps_SensorPerformanceMetric[0m
[  0%] Built target _gazebo_msgs_generate_messages_check_deps_SensorPerformanceMetric
[35m[1mScanning dependencies of target std_msgs_generate_messages_py[0m
[  0%] Built target std_msgs_generate_messages_py
[35m[1mScanning dependencies of target sensor_msgs_generate_messages_py[0m
[  0%] Built target sensor_msgs_generate_messages_py
[35m[1mScanning dependencies of target trajectory_msgs_generate_messages_py[0m
[  0%] Built target trajectory_msgs_generate_messages_py
[35m[1mScanning dependencies of target geometry_msgs_generate_messages_py[0m
[  0%] Built target geometry_msgs_generate_messages_py
[35m[1mScanning dependencies of target geometry_msgs_generate_messages_cpp[0m
[  0%] Built target geometry_msgs_generate_messages_cpp
[35m[1mScanning dependencies of target std_msgs_generate_messages_cpp[0m
[  0%] Built target std_msgs_generate_messages_cpp
[35m[1mScanning dependencies of target sensor_msgs_generate_messages_cpp[0m
[  0%] Built target sensor_msgs_generate_messages_cpp
[35m[1mScanning dependencies of target trajectory_msgs_generate_messages_cpp[0m
[  0%] Built target trajectory_msgs_generate_messages_cpp
[35m[1mScanning dependencies of target geometry_msgs_generate_messages_eus[0m
[  0%] Built target geometry_msgs_generate_messages_eus
[35m[1mScanning dependencies of target sensor_msgs_generate_messages_eus[0m
[  0%] Built target sensor_msgs_generate_messages_eus
[35m[1mScanning dependencies of target trajectory_msgs_generate_messages_eus[0m
[  0%] Built target trajectory_msgs_generate_messages_eus
[35m[1mScanning dependencies of target std_msgs_generate_messages_eus[0m
[  0%] Built target std_msgs_generate_messages_eus
[35m[1mScanning dependencies of target sensor_msgs_generate_messages_lisp[0m
[  0%] Built target sensor_msgs_generate_messages_lisp
[35m[1mScanning dependencies of target geometry_msgs_generate_messages_lisp[0m
[  0%] Built target geometry_msgs_generate_messages_lisp
[35m[1mScanning dependencies of target trajectory_msgs_generate_messages_lisp[0m
[  0%] Built target trajectory_msgs_generate_messages_lisp
[35m[1mScanning dependencies of target std_msgs_generate_messages_lisp[0m
[  0%] Built target std_msgs_generate_messages_lisp
[35m[1mScanning dependencies of target gazebo_msgs_generate_messages_nodejs[0m
[ 20%] Built target gazebo_msgs_generate_messages_nodejs
[35m[1mScanning dependencies of target gazebo_msgs_generate_messages_py[0m
[ 41%] Built target gazebo_msgs_generate_messages_py
[35m[1mScanning dependencies of target gazebo_msgs_generate_messages_cpp[0m
[ 60%] Built target gazebo_msgs_generate_messages_cpp
[35m[1mScanning dependencies of target gazebo_msgs_generate_messages_eus[0m
[ 80%] Built target gazebo_msgs_generate_messages_eus
[35m[1mScanning dependencies of target gazebo_msgs_generate_messages_lisp[0m
[100%] Built target gazebo_msgs_generate_messages_lisp
[35m[1mScanning dependencies of target gazebo_msgs_generate_messages[0m
[100%] Built target gazebo_msgs_generate_messages
