Determining if the pthread_create exist failed with the following output:
Change Dir: /home/qyb/catkin_ws/build/gazebo_ros_pkgs/CMakeFiles/CMakeTmp

Run Build Command:"/usr/bin/make" "cmTC_21aac/fast"
/usr/bin/make -f CMakeFiles/cmTC_21aac.dir/build.make CMakeFiles/cmTC_21aac.dir/build
make[1]: 进入目录“/home/qyb/catkin_ws/build/gazebo_ros_pkgs/CMakeFiles/CMakeTmp”
Building C object CMakeFiles/cmTC_21aac.dir/CheckSymbolExists.c.o
/usr/bin/cc    -o CMakeFiles/cmTC_21aac.dir/CheckSymbolExists.c.o   -c /home/qyb/catkin_ws/build/gazebo_ros_pkgs/CMakeFiles/CMakeTmp/CheckSymbolExists.c
Linking C executable cmTC_21aac
/usr/bin/cmake -E cmake_link_script CMakeFiles/cmTC_21aac.dir/link.txt --verbose=1
/usr/bin/cc      -rdynamic CMakeFiles/cmTC_21aac.dir/CheckSymbolExists.c.o  -o cmTC_21aac 
CMakeFiles/cmTC_21aac.dir/CheckSymbolExists.c.o：在函数‘main’中：
CheckSymbolExists.c:(.text+0x1b)：对‘pthread_create’未定义的引用
collect2: error: ld returned 1 exit status
CMakeFiles/cmTC_21aac.dir/build.make:97: recipe for target 'cmTC_21aac' failed
make[1]: *** [cmTC_21aac] Error 1
make[1]: 离开目录“/home/qyb/catkin_ws/build/gazebo_ros_pkgs/CMakeFiles/CMakeTmp”
Makefile:126: recipe for target 'cmTC_21aac/fast' failed
make: *** [cmTC_21aac/fast] Error 2

File /home/qyb/catkin_ws/build/gazebo_ros_pkgs/CMakeFiles/CMakeTmp/CheckSymbolExists.c:
/* */
#include <pthread.h>

int main(int argc, char** argv)
{
  (void)argv;
#ifndef pthread_create
  return ((int*)(&pthread_create))[argc];
#else
  (void)argc;
  return 0;
#endif
}

Determining if the function pthread_create exists in the pthreads failed with the following output:
Change Dir: /home/qyb/catkin_ws/build/gazebo_ros_pkgs/CMakeFiles/CMakeTmp

Run Build Command:"/usr/bin/make" "cmTC_466d4/fast"
/usr/bin/make -f CMakeFiles/cmTC_466d4.dir/build.make CMakeFiles/cmTC_466d4.dir/build
make[1]: 进入目录“/home/qyb/catkin_ws/build/gazebo_ros_pkgs/CMakeFiles/CMakeTmp”
Building C object CMakeFiles/cmTC_466d4.dir/CheckFunctionExists.c.o
/usr/bin/cc   -DCHECK_FUNCTION_EXISTS=pthread_create   -o CMakeFiles/cmTC_466d4.dir/CheckFunctionExists.c.o   -c /usr/share/cmake-3.10/Modules/CheckFunctionExists.c
Linking C executable cmTC_466d4
/usr/bin/cmake -E cmake_link_script CMakeFiles/cmTC_466d4.dir/link.txt --verbose=1
/usr/bin/cc  -DCHECK_FUNCTION_EXISTS=pthread_create    -rdynamic CMakeFiles/cmTC_466d4.dir/CheckFunctionExists.c.o  -o cmTC_466d4 -lpthreads 
/usr/bin/ld: 找不到 -lpthreads
collect2: error: ld returned 1 exit status
CMakeFiles/cmTC_466d4.dir/build.make:97: recipe for target 'cmTC_466d4' failed
make[1]: *** [cmTC_466d4] Error 1
make[1]: 离开目录“/home/qyb/catkin_ws/build/gazebo_ros_pkgs/CMakeFiles/CMakeTmp”
Makefile:126: recipe for target 'cmTC_466d4/fast' failed
make: *** [cmTC_466d4/fast] Error 2


