[  0%] Built target _offb_msgs_generate_messages_check_deps_PositionReference
[  0%] Built target geometry_msgs_generate_messages_eus
[  0%] Built target _offb_msgs_generate_messages_check_deps_Formation
[  0%] Built target _offb_msgs_generate_messages_check_deps_MultiArucoInfo
[  0%] Built target std_msgs_generate_messages_eus
[  0%] Built target actionlib_msgs_generate_messages_eus
[  0%] Built target _offb_msgs_generate_messages_check_deps_Message
[  0%] Built target _offb_msgs_generate_messages_check_deps_ControlOutput
[  0%] Built target _offb_msgs_generate_messages_check_deps_IndoorSearch
[  0%] Built target _offb_msgs_generate_messages_check_deps_LogMessageDetection
[  0%] Built target _offb_msgs_generate_messages_check_deps_BoundingBoxes
[  0%] Built target _offb_msgs_generate_messages_check_deps_DetectionInfo
[  0%] Built target _offb_msgs_generate_messages_check_deps_LogMessagePlanning
[  0%] Built target _offb_msgs_generate_messages_check_deps_LogMessageControl
[  0%] Built target _offb_msgs_generate_messages_check_deps_ControlCommand
[  0%] Built target _offb_msgs_generate_messages_check_deps_DroneState
[  0%] Built target _offb_msgs_generate_messages_check_deps_LogMessage
[  0%] Built target _offb_msgs_generate_messages_check_deps_MultiDetectionInfo
[  0%] Built target _offb_msgs_generate_messages_check_deps_ServoNum
[  0%] Built target _offb_msgs_generate_messages_check_deps_BoundingBox
[  0%] Built target _offb_msgs_generate_messages_check_deps_SwarmCommand
[  0%] Built target sensor_msgs_generate_messages_eus
[  0%] Built target _offb_msgs_generate_messages_check_deps_AttitudeReference
[  0%] Built target _offb_msgs_generate_messages_check_deps_ArucoInfo
[  0%] Built target actionlib_msgs_generate_messages_cpp
[  0%] Built target geometry_msgs_generate_messages_cpp
[  0%] Built target sensor_msgs_generate_messages_cpp
[  0%] Built target std_msgs_generate_messages_cpp
[  0%] Built target std_msgs_generate_messages_py
[  0%] Built target actionlib_msgs_generate_messages_py
[  0%] Built target geometry_msgs_generate_messages_py
[  0%] Built target sensor_msgs_generate_messages_py
[  0%] Built target sensor_msgs_generate_messages_nodejs
[  0%] Built target std_msgs_generate_messages_nodejs
[  0%] Built target actionlib_msgs_generate_messages_nodejs
[  0%] Built target geometry_msgs_generate_messages_nodejs
[  0%] Built target std_msgs_generate_messages_lisp
[  0%] Built target sensor_msgs_generate_messages_lisp
[  0%] Built target actionlib_msgs_generate_messages_lisp
[  0%] Built target geometry_msgs_generate_messages_lisp
[ 20%] Built target offb_msgs_generate_messages_eus
[ 40%] Built target offb_msgs_generate_messages_cpp
[ 61%] Built target offb_msgs_generate_messages_py
[ 81%] Built target offb_msgs_generate_messages_nodejs
[100%] Built target offb_msgs_generate_messages_lisp
[100%] Built target offb_msgs_generate_messages
