[35m[1mScanning dependencies of target _offb_msgs_generate_messages_check_deps_PositionReference[0m
[  0%] Built target _offb_msgs_generate_messages_check_deps_PositionReference
[35m[1mScanning dependencies of target geometry_msgs_generate_messages_eus[0m
[  0%] Built target geometry_msgs_generate_messages_eus
[35m[1mScanning dependencies of target _offb_msgs_generate_messages_check_deps_Formation[0m
[  0%] Built target _offb_msgs_generate_messages_check_deps_Formation
[35m[1mScanning dependencies of target _offb_msgs_generate_messages_check_deps_MultiArucoInfo[0m
[  0%] Built target _offb_msgs_generate_messages_check_deps_MultiArucoInfo
[35m[1mScanning dependencies of target std_msgs_generate_messages_eus[0m
[  0%] Built target std_msgs_generate_messages_eus
[35m[1mScanning dependencies of target actionlib_msgs_generate_messages_eus[0m
[  0%] Built target actionlib_msgs_generate_messages_eus
[35m[1mScanning dependencies of target _offb_msgs_generate_messages_check_deps_Message[0m
[  0%] Built target _offb_msgs_generate_messages_check_deps_Message
[35m[1mScanning dependencies of target _offb_msgs_generate_messages_check_deps_ControlOutput[0m
[  0%] Built target _offb_msgs_generate_messages_check_deps_ControlOutput
[35m[1mScanning dependencies of target _offb_msgs_generate_messages_check_deps_IndoorSearch[0m
[  0%] Built target _offb_msgs_generate_messages_check_deps_IndoorSearch
[35m[1mScanning dependencies of target _offb_msgs_generate_messages_check_deps_LogMessageDetection[0m
[  0%] Built target _offb_msgs_generate_messages_check_deps_LogMessageDetection
[35m[1mScanning dependencies of target _offb_msgs_generate_messages_check_deps_BoundingBoxes[0m
[  0%] Built target _offb_msgs_generate_messages_check_deps_BoundingBoxes
[35m[1mScanning dependencies of target _offb_msgs_generate_messages_check_deps_DetectionInfo[0m
[  0%] Built target _offb_msgs_generate_messages_check_deps_DetectionInfo
[35m[1mScanning dependencies of target _offb_msgs_generate_messages_check_deps_LogMessagePlanning[0m
[  0%] Built target _offb_msgs_generate_messages_check_deps_LogMessagePlanning
[35m[1mScanning dependencies of target _offb_msgs_generate_messages_check_deps_LogMessageControl[0m
[  0%] Built target _offb_msgs_generate_messages_check_deps_LogMessageControl
[35m[1mScanning dependencies of target _offb_msgs_generate_messages_check_deps_ControlCommand[0m
[  0%] Built target _offb_msgs_generate_messages_check_deps_ControlCommand
[35m[1mScanning dependencies of target _offb_msgs_generate_messages_check_deps_DroneState[0m
[  0%] Built target _offb_msgs_generate_messages_check_deps_DroneState
[35m[1mScanning dependencies of target _offb_msgs_generate_messages_check_deps_LogMessage[0m
[  0%] Built target _offb_msgs_generate_messages_check_deps_LogMessage
[35m[1mScanning dependencies of target _offb_msgs_generate_messages_check_deps_MultiDetectionInfo[0m
[  0%] Built target _offb_msgs_generate_messages_check_deps_MultiDetectionInfo
[35m[1mScanning dependencies of target _offb_msgs_generate_messages_check_deps_ServoNum[0m
[  0%] Built target _offb_msgs_generate_messages_check_deps_ServoNum
[35m[1mScanning dependencies of target _offb_msgs_generate_messages_check_deps_BoundingBox[0m
[  0%] Built target _offb_msgs_generate_messages_check_deps_BoundingBox
[35m[1mScanning dependencies of target _offb_msgs_generate_messages_check_deps_SwarmCommand[0m
[  0%] Built target _offb_msgs_generate_messages_check_deps_SwarmCommand
[35m[1mScanning dependencies of target sensor_msgs_generate_messages_eus[0m
[  0%] Built target sensor_msgs_generate_messages_eus
[35m[1mScanning dependencies of target _offb_msgs_generate_messages_check_deps_AttitudeReference[0m
[  0%] Built target _offb_msgs_generate_messages_check_deps_AttitudeReference
[35m[1mScanning dependencies of target _offb_msgs_generate_messages_check_deps_ArucoInfo[0m
[  0%] Built target _offb_msgs_generate_messages_check_deps_ArucoInfo
[35m[1mScanning dependencies of target actionlib_msgs_generate_messages_cpp[0m
[  0%] Built target actionlib_msgs_generate_messages_cpp
[35m[1mScanning dependencies of target geometry_msgs_generate_messages_cpp[0m
[  0%] Built target geometry_msgs_generate_messages_cpp
[35m[1mScanning dependencies of target sensor_msgs_generate_messages_cpp[0m
[  0%] Built target sensor_msgs_generate_messages_cpp
[35m[1mScanning dependencies of target std_msgs_generate_messages_cpp[0m
[  0%] Built target std_msgs_generate_messages_cpp
[35m[1mScanning dependencies of target std_msgs_generate_messages_py[0m
[  0%] Built target std_msgs_generate_messages_py
[35m[1mScanning dependencies of target actionlib_msgs_generate_messages_py[0m
[  0%] Built target actionlib_msgs_generate_messages_py
[35m[1mScanning dependencies of target geometry_msgs_generate_messages_py[0m
[  0%] Built target geometry_msgs_generate_messages_py
[35m[1mScanning dependencies of target sensor_msgs_generate_messages_py[0m
[  0%] Built target sensor_msgs_generate_messages_py
[35m[1mScanning dependencies of target sensor_msgs_generate_messages_nodejs[0m
[  0%] Built target sensor_msgs_generate_messages_nodejs
[35m[1mScanning dependencies of target std_msgs_generate_messages_nodejs[0m
[  0%] Built target std_msgs_generate_messages_nodejs
[35m[1mScanning dependencies of target actionlib_msgs_generate_messages_nodejs[0m
[  0%] Built target actionlib_msgs_generate_messages_nodejs
[35m[1mScanning dependencies of target geometry_msgs_generate_messages_nodejs[0m
[  0%] Built target geometry_msgs_generate_messages_nodejs
[35m[1mScanning dependencies of target std_msgs_generate_messages_lisp[0m
[  0%] Built target std_msgs_generate_messages_lisp
[35m[1mScanning dependencies of target sensor_msgs_generate_messages_lisp[0m
[  0%] Built target sensor_msgs_generate_messages_lisp
[35m[1mScanning dependencies of target actionlib_msgs_generate_messages_lisp[0m
[  0%] Built target actionlib_msgs_generate_messages_lisp
[35m[1mScanning dependencies of target geometry_msgs_generate_messages_lisp[0m
[  0%] Built target geometry_msgs_generate_messages_lisp
[35m[1mScanning dependencies of target offb_msgs_generate_messages_eus[0m
[ 20%] Built target offb_msgs_generate_messages_eus
[35m[1mScanning dependencies of target offb_msgs_generate_messages_cpp[0m
[ 40%] Built target offb_msgs_generate_messages_cpp
[35m[1mScanning dependencies of target offb_msgs_generate_messages_py[0m
[ 61%] Built target offb_msgs_generate_messages_py
[35m[1mScanning dependencies of target offb_msgs_generate_messages_nodejs[0m
[ 81%] Built target offb_msgs_generate_messages_nodejs
[35m[1mScanning dependencies of target offb_msgs_generate_messages_lisp[0m
[100%] Built target offb_msgs_generate_messages_lisp
[35m[1mScanning dependencies of target offb_msgs_generate_messages[0m
[100%] Built target offb_msgs_generate_messages
