Linked: (/home/qyb/catkin_ws/devel/.private/offb_msgs/include/offb_msgs/PositionReference.h, /home/qyb/catkin_ws/devel/include/offb_msgs/PositionReference.h)
Linked: (/home/qyb/catkin_ws/devel/.private/offb_msgs/include/offb_msgs/LogMessageDetection.h, /home/qyb/catkin_ws/devel/include/offb_msgs/LogMessageDetection.h)
Linked: (/home/qyb/catkin_ws/devel/.private/offb_msgs/include/offb_msgs/AttitudeReference.h, /home/qyb/catkin_ws/devel/include/offb_msgs/AttitudeReference.h)
Linked: (/home/qyb/catkin_ws/devel/.private/offb_msgs/include/offb_msgs/MultiArucoInfo.h, /home/qyb/catkin_ws/devel/include/offb_msgs/MultiArucoInfo.h)
Linked: (/home/qyb/catkin_ws/devel/.private/offb_msgs/include/offb_msgs/DetectionInfo.h, /home/qyb/catkin_ws/devel/include/offb_msgs/DetectionInfo.h)
Linked: (/home/qyb/catkin_ws/devel/.private/offb_msgs/include/offb_msgs/ControlOutput.h, /home/qyb/catkin_ws/devel/include/offb_msgs/ControlOutput.h)
Linked: (/home/qyb/catkin_ws/devel/.private/offb_msgs/include/offb_msgs/DroneState.h, /home/qyb/catkin_ws/devel/include/offb_msgs/DroneState.h)
Linked: (/home/qyb/catkin_ws/devel/.private/offb_msgs/include/offb_msgs/SwarmCommand.h, /home/qyb/catkin_ws/devel/include/offb_msgs/SwarmCommand.h)
Linked: (/home/qyb/catkin_ws/devel/.private/offb_msgs/include/offb_msgs/MultiDetectionInfo.h, /home/qyb/catkin_ws/devel/include/offb_msgs/MultiDetectionInfo.h)
Linked: (/home/qyb/catkin_ws/devel/.private/offb_msgs/include/offb_msgs/LogMessage.h, /home/qyb/catkin_ws/devel/include/offb_msgs/LogMessage.h)
Linked: (/home/qyb/catkin_ws/devel/.private/offb_msgs/include/offb_msgs/Message.h, /home/qyb/catkin_ws/devel/include/offb_msgs/Message.h)
Linked: (/home/qyb/catkin_ws/devel/.private/offb_msgs/include/offb_msgs/LogMessagePlanning.h, /home/qyb/catkin_ws/devel/include/offb_msgs/LogMessagePlanning.h)
Linked: (/home/qyb/catkin_ws/devel/.private/offb_msgs/include/offb_msgs/ControlCommand.h, /home/qyb/catkin_ws/devel/include/offb_msgs/ControlCommand.h)
Linked: (/home/qyb/catkin_ws/devel/.private/offb_msgs/include/offb_msgs/IndoorSearch.h, /home/qyb/catkin_ws/devel/include/offb_msgs/IndoorSearch.h)
Linked: (/home/qyb/catkin_ws/devel/.private/offb_msgs/include/offb_msgs/LogMessageControl.h, /home/qyb/catkin_ws/devel/include/offb_msgs/LogMessageControl.h)
Linked: (/home/qyb/catkin_ws/devel/.private/offb_msgs/include/offb_msgs/BoundingBoxes.h, /home/qyb/catkin_ws/devel/include/offb_msgs/BoundingBoxes.h)
Linked: (/home/qyb/catkin_ws/devel/.private/offb_msgs/include/offb_msgs/Formation.h, /home/qyb/catkin_ws/devel/include/offb_msgs/Formation.h)
Linked: (/home/qyb/catkin_ws/devel/.private/offb_msgs/include/offb_msgs/ServoNum.h, /home/qyb/catkin_ws/devel/include/offb_msgs/ServoNum.h)
Linked: (/home/qyb/catkin_ws/devel/.private/offb_msgs/include/offb_msgs/BoundingBox.h, /home/qyb/catkin_ws/devel/include/offb_msgs/BoundingBox.h)
Linked: (/home/qyb/catkin_ws/devel/.private/offb_msgs/include/offb_msgs/ArucoInfo.h, /home/qyb/catkin_ws/devel/include/offb_msgs/ArucoInfo.h)
Linked: (/home/qyb/catkin_ws/devel/.private/offb_msgs/share/roseus/ros/offb_msgs/manifest.l, /home/qyb/catkin_ws/devel/share/roseus/ros/offb_msgs/manifest.l)
Linked: (/home/qyb/catkin_ws/devel/.private/offb_msgs/share/roseus/ros/offb_msgs/msg/IndoorSearch.l, /home/qyb/catkin_ws/devel/share/roseus/ros/offb_msgs/msg/IndoorSearch.l)
Linked: (/home/qyb/catkin_ws/devel/.private/offb_msgs/share/roseus/ros/offb_msgs/msg/ArucoInfo.l, /home/qyb/catkin_ws/devel/share/roseus/ros/offb_msgs/msg/ArucoInfo.l)
Linked: (/home/qyb/catkin_ws/devel/.private/offb_msgs/share/roseus/ros/offb_msgs/msg/ControlCommand.l, /home/qyb/catkin_ws/devel/share/roseus/ros/offb_msgs/msg/ControlCommand.l)
Linked: (/home/qyb/catkin_ws/devel/.private/offb_msgs/share/roseus/ros/offb_msgs/msg/ServoNum.l, /home/qyb/catkin_ws/devel/share/roseus/ros/offb_msgs/msg/ServoNum.l)
Linked: (/home/qyb/catkin_ws/devel/.private/offb_msgs/share/roseus/ros/offb_msgs/msg/MultiDetectionInfo.l, /home/qyb/catkin_ws/devel/share/roseus/ros/offb_msgs/msg/MultiDetectionInfo.l)
Linked: (/home/qyb/catkin_ws/devel/.private/offb_msgs/share/roseus/ros/offb_msgs/msg/Formation.l, /home/qyb/catkin_ws/devel/share/roseus/ros/offb_msgs/msg/Formation.l)
Linked: (/home/qyb/catkin_ws/devel/.private/offb_msgs/share/roseus/ros/offb_msgs/msg/Message.l, /home/qyb/catkin_ws/devel/share/roseus/ros/offb_msgs/msg/Message.l)
Linked: (/home/qyb/catkin_ws/devel/.private/offb_msgs/share/roseus/ros/offb_msgs/msg/PositionReference.l, /home/qyb/catkin_ws/devel/share/roseus/ros/offb_msgs/msg/PositionReference.l)
Linked: (/home/qyb/catkin_ws/devel/.private/offb_msgs/share/roseus/ros/offb_msgs/msg/BoundingBoxes.l, /home/qyb/catkin_ws/devel/share/roseus/ros/offb_msgs/msg/BoundingBoxes.l)
Linked: (/home/qyb/catkin_ws/devel/.private/offb_msgs/share/roseus/ros/offb_msgs/msg/SwarmCommand.l, /home/qyb/catkin_ws/devel/share/roseus/ros/offb_msgs/msg/SwarmCommand.l)
Linked: (/home/qyb/catkin_ws/devel/.private/offb_msgs/share/roseus/ros/offb_msgs/msg/LogMessageControl.l, /home/qyb/catkin_ws/devel/share/roseus/ros/offb_msgs/msg/LogMessageControl.l)
Linked: (/home/qyb/catkin_ws/devel/.private/offb_msgs/share/roseus/ros/offb_msgs/msg/ControlOutput.l, /home/qyb/catkin_ws/devel/share/roseus/ros/offb_msgs/msg/ControlOutput.l)
Linked: (/home/qyb/catkin_ws/devel/.private/offb_msgs/share/roseus/ros/offb_msgs/msg/DroneState.l, /home/qyb/catkin_ws/devel/share/roseus/ros/offb_msgs/msg/DroneState.l)
Linked: (/home/qyb/catkin_ws/devel/.private/offb_msgs/share/roseus/ros/offb_msgs/msg/LogMessagePlanning.l, /home/qyb/catkin_ws/devel/share/roseus/ros/offb_msgs/msg/LogMessagePlanning.l)
Linked: (/home/qyb/catkin_ws/devel/.private/offb_msgs/share/roseus/ros/offb_msgs/msg/LogMessageDetection.l, /home/qyb/catkin_ws/devel/share/roseus/ros/offb_msgs/msg/LogMessageDetection.l)
Linked: (/home/qyb/catkin_ws/devel/.private/offb_msgs/share/roseus/ros/offb_msgs/msg/AttitudeReference.l, /home/qyb/catkin_ws/devel/share/roseus/ros/offb_msgs/msg/AttitudeReference.l)
Linked: (/home/qyb/catkin_ws/devel/.private/offb_msgs/share/roseus/ros/offb_msgs/msg/DetectionInfo.l, /home/qyb/catkin_ws/devel/share/roseus/ros/offb_msgs/msg/DetectionInfo.l)
Linked: (/home/qyb/catkin_ws/devel/.private/offb_msgs/share/roseus/ros/offb_msgs/msg/LogMessage.l, /home/qyb/catkin_ws/devel/share/roseus/ros/offb_msgs/msg/LogMessage.l)
Linked: (/home/qyb/catkin_ws/devel/.private/offb_msgs/share/roseus/ros/offb_msgs/msg/MultiArucoInfo.l, /home/qyb/catkin_ws/devel/share/roseus/ros/offb_msgs/msg/MultiArucoInfo.l)
Linked: (/home/qyb/catkin_ws/devel/.private/offb_msgs/share/roseus/ros/offb_msgs/msg/BoundingBox.l, /home/qyb/catkin_ws/devel/share/roseus/ros/offb_msgs/msg/BoundingBox.l)
Linked: (/home/qyb/catkin_ws/devel/.private/offb_msgs/share/offb_msgs/cmake/offb_msgs-msg-paths.cmake, /home/qyb/catkin_ws/devel/share/offb_msgs/cmake/offb_msgs-msg-paths.cmake)
Linked: (/home/qyb/catkin_ws/devel/.private/offb_msgs/share/offb_msgs/cmake/offb_msgsConfig-version.cmake, /home/qyb/catkin_ws/devel/share/offb_msgs/cmake/offb_msgsConfig-version.cmake)
Linked: (/home/qyb/catkin_ws/devel/.private/offb_msgs/share/offb_msgs/cmake/offb_msgs-msg-extras.cmake, /home/qyb/catkin_ws/devel/share/offb_msgs/cmake/offb_msgs-msg-extras.cmake)
Linked: (/home/qyb/catkin_ws/devel/.private/offb_msgs/share/offb_msgs/cmake/offb_msgsConfig.cmake, /home/qyb/catkin_ws/devel/share/offb_msgs/cmake/offb_msgsConfig.cmake)
Linked: (/home/qyb/catkin_ws/devel/.private/offb_msgs/share/common-lisp/ros/offb_msgs/msg/SwarmCommand.lisp, /home/qyb/catkin_ws/devel/share/common-lisp/ros/offb_msgs/msg/SwarmCommand.lisp)
Linked: (/home/qyb/catkin_ws/devel/.private/offb_msgs/share/common-lisp/ros/offb_msgs/msg/_package_ControlCommand.lisp, /home/qyb/catkin_ws/devel/share/common-lisp/ros/offb_msgs/msg/_package_ControlCommand.lisp)
Linked: (/home/qyb/catkin_ws/devel/.private/offb_msgs/share/common-lisp/ros/offb_msgs/msg/ControlOutput.lisp, /home/qyb/catkin_ws/devel/share/common-lisp/ros/offb_msgs/msg/ControlOutput.lisp)
Linked: (/home/qyb/catkin_ws/devel/.private/offb_msgs/share/common-lisp/ros/offb_msgs/msg/Message.lisp, /home/qyb/catkin_ws/devel/share/common-lisp/ros/offb_msgs/msg/Message.lisp)
Linked: (/home/qyb/catkin_ws/devel/.private/offb_msgs/share/common-lisp/ros/offb_msgs/msg/LogMessage.lisp, /home/qyb/catkin_ws/devel/share/common-lisp/ros/offb_msgs/msg/LogMessage.lisp)
Linked: (/home/qyb/catkin_ws/devel/.private/offb_msgs/share/common-lisp/ros/offb_msgs/msg/_package_DetectionInfo.lisp, /home/qyb/catkin_ws/devel/share/common-lisp/ros/offb_msgs/msg/_package_DetectionInfo.lisp)
Linked: (/home/qyb/catkin_ws/devel/.private/offb_msgs/share/common-lisp/ros/offb_msgs/msg/_package_SwarmCommand.lisp, /home/qyb/catkin_ws/devel/share/common-lisp/ros/offb_msgs/msg/_package_SwarmCommand.lisp)
Linked: (/home/qyb/catkin_ws/devel/.private/offb_msgs/share/common-lisp/ros/offb_msgs/msg/_package.lisp, /home/qyb/catkin_ws/devel/share/common-lisp/ros/offb_msgs/msg/_package.lisp)
Linked: (/home/qyb/catkin_ws/devel/.private/offb_msgs/share/common-lisp/ros/offb_msgs/msg/LogMessagePlanning.lisp, /home/qyb/catkin_ws/devel/share/common-lisp/ros/offb_msgs/msg/LogMessagePlanning.lisp)
Linked: (/home/qyb/catkin_ws/devel/.private/offb_msgs/share/common-lisp/ros/offb_msgs/msg/_package_ArucoInfo.lisp, /home/qyb/catkin_ws/devel/share/common-lisp/ros/offb_msgs/msg/_package_ArucoInfo.lisp)
Linked: (/home/qyb/catkin_ws/devel/.private/offb_msgs/share/common-lisp/ros/offb_msgs/msg/_package_AttitudeReference.lisp, /home/qyb/catkin_ws/devel/share/common-lisp/ros/offb_msgs/msg/_package_AttitudeReference.lisp)
Linked: (/home/qyb/catkin_ws/devel/.private/offb_msgs/share/common-lisp/ros/offb_msgs/msg/_package_DroneState.lisp, /home/qyb/catkin_ws/devel/share/common-lisp/ros/offb_msgs/msg/_package_DroneState.lisp)
Linked: (/home/qyb/catkin_ws/devel/.private/offb_msgs/share/common-lisp/ros/offb_msgs/msg/_package_LogMessagePlanning.lisp, /home/qyb/catkin_ws/devel/share/common-lisp/ros/offb_msgs/msg/_package_LogMessagePlanning.lisp)
Linked: (/home/qyb/catkin_ws/devel/.private/offb_msgs/share/common-lisp/ros/offb_msgs/msg/_package_Formation.lisp, /home/qyb/catkin_ws/devel/share/common-lisp/ros/offb_msgs/msg/_package_Formation.lisp)
Linked: (/home/qyb/catkin_ws/devel/.private/offb_msgs/share/common-lisp/ros/offb_msgs/msg/BoundingBoxes.lisp, /home/qyb/catkin_ws/devel/share/common-lisp/ros/offb_msgs/msg/BoundingBoxes.lisp)
Linked: (/home/qyb/catkin_ws/devel/.private/offb_msgs/share/common-lisp/ros/offb_msgs/msg/MultiDetectionInfo.lisp, /home/qyb/catkin_ws/devel/share/common-lisp/ros/offb_msgs/msg/MultiDetectionInfo.lisp)
Linked: (/home/qyb/catkin_ws/devel/.private/offb_msgs/share/common-lisp/ros/offb_msgs/msg/BoundingBox.lisp, /home/qyb/catkin_ws/devel/share/common-lisp/ros/offb_msgs/msg/BoundingBox.lisp)
Linked: (/home/qyb/catkin_ws/devel/.private/offb_msgs/share/common-lisp/ros/offb_msgs/msg/_package_ServoNum.lisp, /home/qyb/catkin_ws/devel/share/common-lisp/ros/offb_msgs/msg/_package_ServoNum.lisp)
Linked: (/home/qyb/catkin_ws/devel/.private/offb_msgs/share/common-lisp/ros/offb_msgs/msg/_package_Message.lisp, /home/qyb/catkin_ws/devel/share/common-lisp/ros/offb_msgs/msg/_package_Message.lisp)
Linked: (/home/qyb/catkin_ws/devel/.private/offb_msgs/share/common-lisp/ros/offb_msgs/msg/LogMessageDetection.lisp, /home/qyb/catkin_ws/devel/share/common-lisp/ros/offb_msgs/msg/LogMessageDetection.lisp)
Linked: (/home/qyb/catkin_ws/devel/.private/offb_msgs/share/common-lisp/ros/offb_msgs/msg/Formation.lisp, /home/qyb/catkin_ws/devel/share/common-lisp/ros/offb_msgs/msg/Formation.lisp)
Linked: (/home/qyb/catkin_ws/devel/.private/offb_msgs/share/common-lisp/ros/offb_msgs/msg/_package_MultiArucoInfo.lisp, /home/qyb/catkin_ws/devel/share/common-lisp/ros/offb_msgs/msg/_package_MultiArucoInfo.lisp)
Linked: (/home/qyb/catkin_ws/devel/.private/offb_msgs/share/common-lisp/ros/offb_msgs/msg/_package_BoundingBox.lisp, /home/qyb/catkin_ws/devel/share/common-lisp/ros/offb_msgs/msg/_package_BoundingBox.lisp)
Linked: (/home/qyb/catkin_ws/devel/.private/offb_msgs/share/common-lisp/ros/offb_msgs/msg/_package_LogMessage.lisp, /home/qyb/catkin_ws/devel/share/common-lisp/ros/offb_msgs/msg/_package_LogMessage.lisp)
Linked: (/home/qyb/catkin_ws/devel/.private/offb_msgs/share/common-lisp/ros/offb_msgs/msg/_package_PositionReference.lisp, /home/qyb/catkin_ws/devel/share/common-lisp/ros/offb_msgs/msg/_package_PositionReference.lisp)
Linked: (/home/qyb/catkin_ws/devel/.private/offb_msgs/share/common-lisp/ros/offb_msgs/msg/ControlCommand.lisp, /home/qyb/catkin_ws/devel/share/common-lisp/ros/offb_msgs/msg/ControlCommand.lisp)
Linked: (/home/qyb/catkin_ws/devel/.private/offb_msgs/share/common-lisp/ros/offb_msgs/msg/DetectionInfo.lisp, /home/qyb/catkin_ws/devel/share/common-lisp/ros/offb_msgs/msg/DetectionInfo.lisp)
Linked: (/home/qyb/catkin_ws/devel/.private/offb_msgs/share/common-lisp/ros/offb_msgs/msg/_package_BoundingBoxes.lisp, /home/qyb/catkin_ws/devel/share/common-lisp/ros/offb_msgs/msg/_package_BoundingBoxes.lisp)
Linked: (/home/qyb/catkin_ws/devel/.private/offb_msgs/share/common-lisp/ros/offb_msgs/msg/_package_LogMessageDetection.lisp, /home/qyb/catkin_ws/devel/share/common-lisp/ros/offb_msgs/msg/_package_LogMessageDetection.lisp)
Linked: (/home/qyb/catkin_ws/devel/.private/offb_msgs/share/common-lisp/ros/offb_msgs/msg/ArucoInfo.lisp, /home/qyb/catkin_ws/devel/share/common-lisp/ros/offb_msgs/msg/ArucoInfo.lisp)
Linked: (/home/qyb/catkin_ws/devel/.private/offb_msgs/share/common-lisp/ros/offb_msgs/msg/IndoorSearch.lisp, /home/qyb/catkin_ws/devel/share/common-lisp/ros/offb_msgs/msg/IndoorSearch.lisp)
Linked: (/home/qyb/catkin_ws/devel/.private/offb_msgs/share/common-lisp/ros/offb_msgs/msg/_package_LogMessageControl.lisp, /home/qyb/catkin_ws/devel/share/common-lisp/ros/offb_msgs/msg/_package_LogMessageControl.lisp)
Linked: (/home/qyb/catkin_ws/devel/.private/offb_msgs/share/common-lisp/ros/offb_msgs/msg/AttitudeReference.lisp, /home/qyb/catkin_ws/devel/share/common-lisp/ros/offb_msgs/msg/AttitudeReference.lisp)
Linked: (/home/qyb/catkin_ws/devel/.private/offb_msgs/share/common-lisp/ros/offb_msgs/msg/_package_MultiDetectionInfo.lisp, /home/qyb/catkin_ws/devel/share/common-lisp/ros/offb_msgs/msg/_package_MultiDetectionInfo.lisp)
Linked: (/home/qyb/catkin_ws/devel/.private/offb_msgs/share/common-lisp/ros/offb_msgs/msg/_package_IndoorSearch.lisp, /home/qyb/catkin_ws/devel/share/common-lisp/ros/offb_msgs/msg/_package_IndoorSearch.lisp)
Linked: (/home/qyb/catkin_ws/devel/.private/offb_msgs/share/common-lisp/ros/offb_msgs/msg/MultiArucoInfo.lisp, /home/qyb/catkin_ws/devel/share/common-lisp/ros/offb_msgs/msg/MultiArucoInfo.lisp)
Linked: (/home/qyb/catkin_ws/devel/.private/offb_msgs/share/common-lisp/ros/offb_msgs/msg/offb_msgs-msg.asd, /home/qyb/catkin_ws/devel/share/common-lisp/ros/offb_msgs/msg/offb_msgs-msg.asd)
Linked: (/home/qyb/catkin_ws/devel/.private/offb_msgs/share/common-lisp/ros/offb_msgs/msg/LogMessageControl.lisp, /home/qyb/catkin_ws/devel/share/common-lisp/ros/offb_msgs/msg/LogMessageControl.lisp)
Linked: (/home/qyb/catkin_ws/devel/.private/offb_msgs/share/common-lisp/ros/offb_msgs/msg/ServoNum.lisp, /home/qyb/catkin_ws/devel/share/common-lisp/ros/offb_msgs/msg/ServoNum.lisp)
Linked: (/home/qyb/catkin_ws/devel/.private/offb_msgs/share/common-lisp/ros/offb_msgs/msg/_package_ControlOutput.lisp, /home/qyb/catkin_ws/devel/share/common-lisp/ros/offb_msgs/msg/_package_ControlOutput.lisp)
Linked: (/home/qyb/catkin_ws/devel/.private/offb_msgs/share/common-lisp/ros/offb_msgs/msg/DroneState.lisp, /home/qyb/catkin_ws/devel/share/common-lisp/ros/offb_msgs/msg/DroneState.lisp)
Linked: (/home/qyb/catkin_ws/devel/.private/offb_msgs/share/common-lisp/ros/offb_msgs/msg/PositionReference.lisp, /home/qyb/catkin_ws/devel/share/common-lisp/ros/offb_msgs/msg/PositionReference.lisp)
Linked: (/home/qyb/catkin_ws/devel/.private/offb_msgs/share/gennodejs/ros/offb_msgs/_index.js, /home/qyb/catkin_ws/devel/share/gennodejs/ros/offb_msgs/_index.js)
Linked: (/home/qyb/catkin_ws/devel/.private/offb_msgs/share/gennodejs/ros/offb_msgs/msg/Message.js, /home/qyb/catkin_ws/devel/share/gennodejs/ros/offb_msgs/msg/Message.js)
Linked: (/home/qyb/catkin_ws/devel/.private/offb_msgs/share/gennodejs/ros/offb_msgs/msg/LogMessageControl.js, /home/qyb/catkin_ws/devel/share/gennodejs/ros/offb_msgs/msg/LogMessageControl.js)
Linked: (/home/qyb/catkin_ws/devel/.private/offb_msgs/share/gennodejs/ros/offb_msgs/msg/DroneState.js, /home/qyb/catkin_ws/devel/share/gennodejs/ros/offb_msgs/msg/DroneState.js)
Linked: (/home/qyb/catkin_ws/devel/.private/offb_msgs/share/gennodejs/ros/offb_msgs/msg/ArucoInfo.js, /home/qyb/catkin_ws/devel/share/gennodejs/ros/offb_msgs/msg/ArucoInfo.js)
Linked: (/home/qyb/catkin_ws/devel/.private/offb_msgs/share/gennodejs/ros/offb_msgs/msg/ControlOutput.js, /home/qyb/catkin_ws/devel/share/gennodejs/ros/offb_msgs/msg/ControlOutput.js)
Linked: (/home/qyb/catkin_ws/devel/.private/offb_msgs/share/gennodejs/ros/offb_msgs/msg/_index.js, /home/qyb/catkin_ws/devel/share/gennodejs/ros/offb_msgs/msg/_index.js)
Linked: (/home/qyb/catkin_ws/devel/.private/offb_msgs/share/gennodejs/ros/offb_msgs/msg/LogMessagePlanning.js, /home/qyb/catkin_ws/devel/share/gennodejs/ros/offb_msgs/msg/LogMessagePlanning.js)
Linked: (/home/qyb/catkin_ws/devel/.private/offb_msgs/share/gennodejs/ros/offb_msgs/msg/MultiArucoInfo.js, /home/qyb/catkin_ws/devel/share/gennodejs/ros/offb_msgs/msg/MultiArucoInfo.js)
Linked: (/home/qyb/catkin_ws/devel/.private/offb_msgs/share/gennodejs/ros/offb_msgs/msg/BoundingBox.js, /home/qyb/catkin_ws/devel/share/gennodejs/ros/offb_msgs/msg/BoundingBox.js)
Linked: (/home/qyb/catkin_ws/devel/.private/offb_msgs/share/gennodejs/ros/offb_msgs/msg/LogMessage.js, /home/qyb/catkin_ws/devel/share/gennodejs/ros/offb_msgs/msg/LogMessage.js)
Linked: (/home/qyb/catkin_ws/devel/.private/offb_msgs/share/gennodejs/ros/offb_msgs/msg/DetectionInfo.js, /home/qyb/catkin_ws/devel/share/gennodejs/ros/offb_msgs/msg/DetectionInfo.js)
Linked: (/home/qyb/catkin_ws/devel/.private/offb_msgs/share/gennodejs/ros/offb_msgs/msg/LogMessageDetection.js, /home/qyb/catkin_ws/devel/share/gennodejs/ros/offb_msgs/msg/LogMessageDetection.js)
Linked: (/home/qyb/catkin_ws/devel/.private/offb_msgs/share/gennodejs/ros/offb_msgs/msg/MultiDetectionInfo.js, /home/qyb/catkin_ws/devel/share/gennodejs/ros/offb_msgs/msg/MultiDetectionInfo.js)
Linked: (/home/qyb/catkin_ws/devel/.private/offb_msgs/share/gennodejs/ros/offb_msgs/msg/SwarmCommand.js, /home/qyb/catkin_ws/devel/share/gennodejs/ros/offb_msgs/msg/SwarmCommand.js)
Linked: (/home/qyb/catkin_ws/devel/.private/offb_msgs/share/gennodejs/ros/offb_msgs/msg/Formation.js, /home/qyb/catkin_ws/devel/share/gennodejs/ros/offb_msgs/msg/Formation.js)
Linked: (/home/qyb/catkin_ws/devel/.private/offb_msgs/share/gennodejs/ros/offb_msgs/msg/ControlCommand.js, /home/qyb/catkin_ws/devel/share/gennodejs/ros/offb_msgs/msg/ControlCommand.js)
Linked: (/home/qyb/catkin_ws/devel/.private/offb_msgs/share/gennodejs/ros/offb_msgs/msg/AttitudeReference.js, /home/qyb/catkin_ws/devel/share/gennodejs/ros/offb_msgs/msg/AttitudeReference.js)
Linked: (/home/qyb/catkin_ws/devel/.private/offb_msgs/share/gennodejs/ros/offb_msgs/msg/ServoNum.js, /home/qyb/catkin_ws/devel/share/gennodejs/ros/offb_msgs/msg/ServoNum.js)
Linked: (/home/qyb/catkin_ws/devel/.private/offb_msgs/share/gennodejs/ros/offb_msgs/msg/PositionReference.js, /home/qyb/catkin_ws/devel/share/gennodejs/ros/offb_msgs/msg/PositionReference.js)
Linked: (/home/qyb/catkin_ws/devel/.private/offb_msgs/share/gennodejs/ros/offb_msgs/msg/BoundingBoxes.js, /home/qyb/catkin_ws/devel/share/gennodejs/ros/offb_msgs/msg/BoundingBoxes.js)
Linked: (/home/qyb/catkin_ws/devel/.private/offb_msgs/share/gennodejs/ros/offb_msgs/msg/IndoorSearch.js, /home/qyb/catkin_ws/devel/share/gennodejs/ros/offb_msgs/msg/IndoorSearch.js)
Linked: (/home/qyb/catkin_ws/devel/.private/offb_msgs/lib/python2.7/dist-packages/offb_msgs/__init__.py, /home/qyb/catkin_ws/devel/lib/python2.7/dist-packages/offb_msgs/__init__.py)
Linked: (/home/qyb/catkin_ws/devel/.private/offb_msgs/lib/python2.7/dist-packages/offb_msgs/msg/_MultiDetectionInfo.py, /home/qyb/catkin_ws/devel/lib/python2.7/dist-packages/offb_msgs/msg/_MultiDetectionInfo.py)
Linked: (/home/qyb/catkin_ws/devel/.private/offb_msgs/lib/python2.7/dist-packages/offb_msgs/msg/_DetectionInfo.py, /home/qyb/catkin_ws/devel/lib/python2.7/dist-packages/offb_msgs/msg/_DetectionInfo.py)
Linked: (/home/qyb/catkin_ws/devel/.private/offb_msgs/lib/python2.7/dist-packages/offb_msgs/msg/_ArucoInfo.py, /home/qyb/catkin_ws/devel/lib/python2.7/dist-packages/offb_msgs/msg/_ArucoInfo.py)
Linked: (/home/qyb/catkin_ws/devel/.private/offb_msgs/lib/python2.7/dist-packages/offb_msgs/msg/_AttitudeReference.py, /home/qyb/catkin_ws/devel/lib/python2.7/dist-packages/offb_msgs/msg/_AttitudeReference.py)
Linked: (/home/qyb/catkin_ws/devel/.private/offb_msgs/lib/python2.7/dist-packages/offb_msgs/msg/_BoundingBox.py, /home/qyb/catkin_ws/devel/lib/python2.7/dist-packages/offb_msgs/msg/_BoundingBox.py)
Linked: (/home/qyb/catkin_ws/devel/.private/offb_msgs/lib/python2.7/dist-packages/offb_msgs/msg/_LogMessageDetection.py, /home/qyb/catkin_ws/devel/lib/python2.7/dist-packages/offb_msgs/msg/_LogMessageDetection.py)
Linked: (/home/qyb/catkin_ws/devel/.private/offb_msgs/lib/python2.7/dist-packages/offb_msgs/msg/_SwarmCommand.py, /home/qyb/catkin_ws/devel/lib/python2.7/dist-packages/offb_msgs/msg/_SwarmCommand.py)
Linked: (/home/qyb/catkin_ws/devel/.private/offb_msgs/lib/python2.7/dist-packages/offb_msgs/msg/_Message.py, /home/qyb/catkin_ws/devel/lib/python2.7/dist-packages/offb_msgs/msg/_Message.py)
Linked: (/home/qyb/catkin_ws/devel/.private/offb_msgs/lib/python2.7/dist-packages/offb_msgs/msg/_IndoorSearch.py, /home/qyb/catkin_ws/devel/lib/python2.7/dist-packages/offb_msgs/msg/_IndoorSearch.py)
Linked: (/home/qyb/catkin_ws/devel/.private/offb_msgs/lib/python2.7/dist-packages/offb_msgs/msg/__init__.py, /home/qyb/catkin_ws/devel/lib/python2.7/dist-packages/offb_msgs/msg/__init__.py)
Linked: (/home/qyb/catkin_ws/devel/.private/offb_msgs/lib/python2.7/dist-packages/offb_msgs/msg/_LogMessageControl.py, /home/qyb/catkin_ws/devel/lib/python2.7/dist-packages/offb_msgs/msg/_LogMessageControl.py)
Linked: (/home/qyb/catkin_ws/devel/.private/offb_msgs/lib/python2.7/dist-packages/offb_msgs/msg/_MultiArucoInfo.py, /home/qyb/catkin_ws/devel/lib/python2.7/dist-packages/offb_msgs/msg/_MultiArucoInfo.py)
Linked: (/home/qyb/catkin_ws/devel/.private/offb_msgs/lib/python2.7/dist-packages/offb_msgs/msg/_ServoNum.py, /home/qyb/catkin_ws/devel/lib/python2.7/dist-packages/offb_msgs/msg/_ServoNum.py)
Linked: (/home/qyb/catkin_ws/devel/.private/offb_msgs/lib/python2.7/dist-packages/offb_msgs/msg/_LogMessagePlanning.py, /home/qyb/catkin_ws/devel/lib/python2.7/dist-packages/offb_msgs/msg/_LogMessagePlanning.py)
Linked: (/home/qyb/catkin_ws/devel/.private/offb_msgs/lib/python2.7/dist-packages/offb_msgs/msg/_Formation.py, /home/qyb/catkin_ws/devel/lib/python2.7/dist-packages/offb_msgs/msg/_Formation.py)
Linked: (/home/qyb/catkin_ws/devel/.private/offb_msgs/lib/python2.7/dist-packages/offb_msgs/msg/_PositionReference.py, /home/qyb/catkin_ws/devel/lib/python2.7/dist-packages/offb_msgs/msg/_PositionReference.py)
Linked: (/home/qyb/catkin_ws/devel/.private/offb_msgs/lib/python2.7/dist-packages/offb_msgs/msg/_DroneState.py, /home/qyb/catkin_ws/devel/lib/python2.7/dist-packages/offb_msgs/msg/_DroneState.py)
Linked: (/home/qyb/catkin_ws/devel/.private/offb_msgs/lib/python2.7/dist-packages/offb_msgs/msg/_ControlOutput.py, /home/qyb/catkin_ws/devel/lib/python2.7/dist-packages/offb_msgs/msg/_ControlOutput.py)
Linked: (/home/qyb/catkin_ws/devel/.private/offb_msgs/lib/python2.7/dist-packages/offb_msgs/msg/_BoundingBoxes.py, /home/qyb/catkin_ws/devel/lib/python2.7/dist-packages/offb_msgs/msg/_BoundingBoxes.py)
Linked: (/home/qyb/catkin_ws/devel/.private/offb_msgs/lib/python2.7/dist-packages/offb_msgs/msg/_LogMessage.py, /home/qyb/catkin_ws/devel/lib/python2.7/dist-packages/offb_msgs/msg/_LogMessage.py)
Linked: (/home/qyb/catkin_ws/devel/.private/offb_msgs/lib/python2.7/dist-packages/offb_msgs/msg/_ControlCommand.py, /home/qyb/catkin_ws/devel/lib/python2.7/dist-packages/offb_msgs/msg/_ControlCommand.py)
Linked: (/home/qyb/catkin_ws/devel/.private/offb_msgs/lib/pkgconfig/offb_msgs.pc, /home/qyb/catkin_ws/devel/lib/pkgconfig/offb_msgs.pc)
