[  7%] Built target multi_input_node
[ 14%] Built target servo_control_node
[ 21%] Built target test_node
[ 28%] Built target send_info_node
[ 35%] Built target set_mode_node
[ 35%] Built target trajectory_msgs_generate_messages_nodejs
[ 35%] Built target std_srvs_generate_messages_nodejs
[ 35%] Built target offb_msgs_generate_messages_py
[ 35%] Built target offb_msgs_generate_messages_nodejs
[ 35%] Built target offb_msgs_generate_messages_lisp
[ 35%] Built target std_srvs_generate_messages_cpp
[ 35%] Built target roscpp_generate_messages_py
[ 35%] Built target trajectory_msgs_generate_messages_eus
[ 35%] Built target std_srvs_generate_messages_eus
[ 35%] Built target roscpp_generate_messages_lisp
[ 35%] Built target geometry_msgs_generate_messages_eus
[ 35%] Built target rosgraph_msgs_generate_messages_cpp
[ 35%] Built target std_srvs_generate_messages_lisp
[ 35%] Built target _catkin_empty_exported_target
[ 35%] Built target sensor_msgs_generate_messages_eus
[ 35%] Built target std_msgs_generate_messages_py
[ 35%] Built target std_msgs_generate_messages_nodejs
[ 35%] Built target roscpp_generate_messages_nodejs
[ 35%] Built target std_msgs_generate_messages_lisp
[ 35%] Built target rosgraph_msgs_generate_messages_lisp
[ 35%] Built target sensor_msgs_generate_messages_nodejs
[ 35%] Built target actionlib_generate_messages_cpp
[ 35%] Built target sensor_msgs_generate_messages_py
[ 35%] Built target uuid_msgs_generate_messages_lisp
[ 35%] Built target std_msgs_generate_messages_cpp
[ 35%] Built target actionlib_msgs_generate_messages_nodejs
[ 35%] Built target nav_msgs_generate_messages_nodejs
[ 35%] Built target geometry_msgs_generate_messages_nodejs
[ 35%] Built target rosgraph_msgs_generate_messages_nodejs
[ 35%] Built target geographic_msgs_generate_messages_lisp
[ 35%] Built target std_msgs_generate_messages_eus
[ 35%] Built target trajectory_msgs_generate_messages_py
[ 35%] Built target actionlib_generate_messages_nodejs
[ 35%] Built target std_srvs_generate_messages_py
[ 35%] Built target geographic_msgs_generate_messages_nodejs
[ 35%] Built target rosgraph_msgs_generate_messages_eus
[ 35%] Built target actionlib_msgs_generate_messages_cpp
[ 35%] Built target roscpp_generate_messages_eus
[ 35%] Built target rosgraph_msgs_generate_messages_py
[ 35%] Built target actionlib_msgs_generate_messages_eus
[ 35%] Built target actionlib_msgs_generate_messages_lisp
[ 35%] Built target actionlib_generate_messages_eus
[ 35%] Built target diagnostic_msgs_generate_messages_cpp
[ 35%] Built target actionlib_msgs_generate_messages_py
[ 35%] Built target actionlib_generate_messages_lisp
[ 35%] Built target geometry_msgs_generate_messages_cpp
[ 35%] Built target geometry_msgs_generate_messages_lisp
[ 35%] Built target geometry_msgs_generate_messages_py
[ 35%] Built target diagnostic_msgs_generate_messages_eus
[ 35%] Built target diagnostic_msgs_generate_messages_lisp
[ 35%] Built target diagnostic_msgs_generate_messages_nodejs
[ 35%] Built target mavros_msgs_generate_messages_nodejs
[ 35%] Built target diagnostic_msgs_generate_messages_py
[ 35%] Built target roscpp_generate_messages_cpp
[ 35%] Built target geographic_msgs_generate_messages_py
[ 35%] Built target uuid_msgs_generate_messages_eus
[ 35%] Built target geographic_msgs_generate_messages_cpp
[ 35%] Built target geographic_msgs_generate_messages_eus
[ 35%] Built target uuid_msgs_generate_messages_cpp
[ 35%] Built target uuid_msgs_generate_messages_nodejs
[ 35%] Built target offb_msgs_generate_messages_cpp
[ 35%] Built target uuid_msgs_generate_messages_py
[ 35%] Built target sensor_msgs_generate_messages_cpp
[ 35%] Built target mavros_msgs_generate_messages_lisp
[ 35%] Built target mavros_msgs_generate_messages_cpp
[ 35%] Built target trajectory_msgs_generate_messages_cpp
[ 35%] Built target offb_msgs_generate_messages_eus
[ 35%] Built target mavros_msgs_generate_messages_eus
[ 35%] Built target sensor_msgs_generate_messages_lisp
[ 35%] Built target nav_msgs_generate_messages_cpp
[ 35%] Built target mavros_msgs_generate_messages_py
[ 35%] Built target nav_msgs_generate_messages_lisp
[ 35%] Built target tf2_msgs_generate_messages_cpp
[ 35%] Built target nav_msgs_generate_messages_eus
[ 35%] Built target tf2_msgs_generate_messages_eus
[ 35%] Built target nav_msgs_generate_messages_py
[ 35%] Built target tf2_msgs_generate_messages_lisp
[ 35%] Built target actionlib_generate_messages_py
[ 35%] Built target tf2_msgs_generate_messages_py
[ 35%] Built target tf2_msgs_generate_messages_nodejs
[ 35%] Built target trajectory_msgs_generate_messages_lisp
[ 42%] Built target poskeep1_node
[ 50%] Built target poskeep2_node
[ 57%] Built target com_node
[ 64%] Built target stay_high_node
[ 71%] Built target datasave_node
[ 78%] Built target poskeep3_node
[ 85%] Built target offb_node
[ 92%] Built target communicate_node
[100%] Built target showinfo_node
