[  6%] Built target multi_input_node
[ 12%] Built target servo_control_node
[ 19%] Built target test_node
[ 25%] Built target set_mode_node
[ 32%] Built target node_flyput_node
[ 38%] Built target send_info_node
[ 38%] Built target trajectory_msgs_generate_messages_nodejs
[ 38%] Built target offb_msgs_generate_messages_py
[ 38%] Built target offb_msgs_generate_messages_nodejs
[ 38%] Built target offb_msgs_generate_messages_lisp
[ 38%] Built target offb_msgs_generate_messages_eus
[ 38%] Built target std_srvs_generate_messages_nodejs
[ 38%] Built target diagnostic_msgs_generate_messages_nodejs
[ 38%] Built target mavros_msgs_generate_messages_nodejs
[ 38%] Built target diagnostic_msgs_generate_messages_lisp
[ 38%] Built target sensor_msgs_generate_messages_nodejs
[ 38%] Built target actionlib_generate_messages_cpp
[ 38%] Built target geometry_msgs_generate_messages_py
[ 38%] Built target geometry_msgs_generate_messages_lisp
[ 38%] Built target diagnostic_msgs_generate_messages_py
[ 38%] Built target roscpp_generate_messages_cpp
[ 38%] Built target geographic_msgs_generate_messages_py
[ 38%] Built target uuid_msgs_generate_messages_eus
[ 38%] Built target std_msgs_generate_messages_nodejs
[ 38%] Built target sensor_msgs_generate_messages_eus
[ 38%] Built target std_srvs_generate_messages_lisp
[ 38%] Built target _catkin_empty_exported_target
[ 38%] Built target diagnostic_msgs_generate_messages_eus
[ 38%] Built target actionlib_msgs_generate_messages_lisp
[ 38%] Built target sensor_msgs_generate_messages_py
[ 38%] Built target uuid_msgs_generate_messages_lisp
[ 38%] Built target std_msgs_generate_messages_cpp
[ 38%] Built target nav_msgs_generate_messages_nodejs
[ 38%] Built target actionlib_msgs_generate_messages_nodejs
[ 38%] Built target std_srvs_generate_messages_eus
[ 38%] Built target roscpp_generate_messages_lisp
[ 38%] Built target geometry_msgs_generate_messages_nodejs
[ 38%] Built target std_msgs_generate_messages_lisp
[ 38%] Built target roscpp_generate_messages_nodejs
[ 38%] Built target geometry_msgs_generate_messages_eus
[ 38%] Built target std_msgs_generate_messages_py
[ 38%] Built target roscpp_generate_messages_py
[ 38%] Built target trajectory_msgs_generate_messages_eus
[ 38%] Built target rosgraph_msgs_generate_messages_cpp
[ 38%] Built target rosgraph_msgs_generate_messages_eus
[ 38%] Built target rosgraph_msgs_generate_messages_lisp
[ 38%] Built target std_msgs_generate_messages_eus
[ 38%] Built target trajectory_msgs_generate_messages_py
[ 38%] Built target rosgraph_msgs_generate_messages_nodejs
[ 38%] Built target geographic_msgs_generate_messages_lisp
[ 38%] Built target geographic_msgs_generate_messages_cpp
[ 38%] Built target geographic_msgs_generate_messages_eus
[ 38%] Built target std_srvs_generate_messages_py
[ 38%] Built target geographic_msgs_generate_messages_nodejs
[ 38%] Built target actionlib_generate_messages_nodejs
[ 38%] Built target uuid_msgs_generate_messages_cpp
[ 38%] Built target uuid_msgs_generate_messages_nodejs
[ 38%] Built target offb_msgs_generate_messages_cpp
[ 38%] Built target uuid_msgs_generate_messages_py
[ 38%] Built target sensor_msgs_generate_messages_cpp
[ 38%] Built target mavros_msgs_generate_messages_lisp
[ 38%] Built target mavros_msgs_generate_messages_cpp
[ 38%] Built target trajectory_msgs_generate_messages_cpp
[ 38%] Built target mavros_msgs_generate_messages_eus
[ 38%] Built target sensor_msgs_generate_messages_lisp
[ 38%] Built target nav_msgs_generate_messages_cpp
[ 38%] Built target mavros_msgs_generate_messages_py
[ 38%] Built target nav_msgs_generate_messages_lisp
[ 38%] Built target actionlib_msgs_generate_messages_cpp
[ 38%] Built target std_srvs_generate_messages_cpp
[ 38%] Built target roscpp_generate_messages_eus
[ 38%] Built target rosgraph_msgs_generate_messages_py
[ 38%] Built target actionlib_msgs_generate_messages_eus
[ 38%] Built target actionlib_msgs_generate_messages_py
[ 38%] Built target diagnostic_msgs_generate_messages_cpp
[ 38%] Built target actionlib_generate_messages_eus
[ 38%] Built target geometry_msgs_generate_messages_cpp
[ 38%] Built target actionlib_generate_messages_lisp
[ 38%] Built target tf2_msgs_generate_messages_cpp
[ 38%] Built target nav_msgs_generate_messages_eus
[ 38%] Built target tf2_msgs_generate_messages_eus
[ 38%] Built target nav_msgs_generate_messages_py
[ 38%] Built target tf2_msgs_generate_messages_lisp
[ 38%] Built target actionlib_generate_messages_py
[ 38%] Built target tf2_msgs_generate_messages_py
[ 38%] Built target trajectory_msgs_generate_messages_lisp
[ 38%] Built target tf2_msgs_generate_messages_nodejs
[ 45%] Built target cycle_detect_new_node
[ 45%] Built target _offb_generate_messages_check_deps_Circle
[ 51%] Built target offb_node
[ 58%] Built target com_node
[ 64%] Built target communicate_node
[ 70%] Built target H_detect_node
[ 77%] Built target showinfo_node
[ 80%] Built target offb_generate_messages_nodejs
[ 87%] Built target offb_generate_messages_py
[ 90%] Built target offb_generate_messages_lisp
[ 96%] Built target offb_generate_messages_eus
[100%] Built target offb_generate_messages_cpp
[100%] Built target offb_generate_messages
