[  6%] Built target servo_control_node
[ 12%] Built target multi_input_node
[ 19%] Built target set_mode_node
[ 25%] Built target test_node
[35m[1mScanning dependencies of target node_flyput_node[0m
[ 32%] Built target send_info_node
[ 35%] [32mBuilding CXX object CMakeFiles/node_flyput_node.dir/src/node_flyput.cpp.o[0m
[ 35%] Built target trajectory_msgs_generate_messages_nodejs
[ 35%] Built target offb_msgs_generate_messages_py
[ 35%] Built target offb_msgs_generate_messages_nodejs
[ 35%] Built target offb_msgs_generate_messages_lisp
[ 35%] Built target offb_msgs_generate_messages_eus
[ 35%] Built target std_srvs_generate_messages_nodejs
[ 35%] Built target diagnostic_msgs_generate_messages_nodejs
[ 35%] Built target mavros_msgs_generate_messages_nodejs
[ 35%] Built target diagnostic_msgs_generate_messages_lisp
[ 35%] Built target sensor_msgs_generate_messages_nodejs
[ 35%] Built target actionlib_generate_messages_cpp
[ 35%] Built target geometry_msgs_generate_messages_py
[ 35%] Built target geometry_msgs_generate_messages_lisp
[ 35%] Built target diagnostic_msgs_generate_messages_py
[ 35%] Built target roscpp_generate_messages_cpp
[ 35%] Built target geographic_msgs_generate_messages_py
[ 35%] Built target uuid_msgs_generate_messages_eus
[ 35%] Built target std_msgs_generate_messages_nodejs
[ 35%] Built target sensor_msgs_generate_messages_eus
[ 35%] Built target std_srvs_generate_messages_lisp
[ 35%] Built target _catkin_empty_exported_target
[ 35%] Built target diagnostic_msgs_generate_messages_eus
[ 35%] Built target actionlib_msgs_generate_messages_lisp
[ 35%] Built target sensor_msgs_generate_messages_py
[ 35%] Built target uuid_msgs_generate_messages_lisp
[ 35%] Built target std_msgs_generate_messages_cpp
[ 35%] Built target nav_msgs_generate_messages_nodejs
[ 35%] Built target actionlib_msgs_generate_messages_nodejs
[ 35%] Built target std_srvs_generate_messages_eus
[ 35%] Built target roscpp_generate_messages_lisp
[ 35%] Built target geometry_msgs_generate_messages_nodejs
[ 35%] Built target std_msgs_generate_messages_lisp
[ 35%] Built target roscpp_generate_messages_nodejs
[ 35%] Built target geometry_msgs_generate_messages_eus
[ 35%] Built target std_msgs_generate_messages_py
[ 35%] Built target roscpp_generate_messages_py
[ 35%] Built target trajectory_msgs_generate_messages_eus
[ 35%] Built target rosgraph_msgs_generate_messages_cpp
[ 35%] Built target rosgraph_msgs_generate_messages_eus
[ 35%] Built target rosgraph_msgs_generate_messages_lisp
[ 35%] Built target std_msgs_generate_messages_eus
[ 35%] Built target trajectory_msgs_generate_messages_py
[ 35%] Built target rosgraph_msgs_generate_messages_nodejs
[ 35%] Built target geographic_msgs_generate_messages_lisp
[ 35%] Built target geographic_msgs_generate_messages_cpp
[ 35%] Built target geographic_msgs_generate_messages_eus
[ 35%] Built target std_srvs_generate_messages_py
[ 35%] Built target geographic_msgs_generate_messages_nodejs
[ 35%] Built target actionlib_generate_messages_nodejs
[ 35%] Built target uuid_msgs_generate_messages_cpp
[ 35%] Built target uuid_msgs_generate_messages_nodejs
[ 35%] Built target offb_msgs_generate_messages_cpp
[ 35%] Built target uuid_msgs_generate_messages_py
[ 35%] Built target sensor_msgs_generate_messages_cpp
[ 35%] Built target mavros_msgs_generate_messages_lisp
[ 35%] Built target mavros_msgs_generate_messages_cpp
[ 35%] Built target trajectory_msgs_generate_messages_cpp
[ 35%] Built target mavros_msgs_generate_messages_eus
[ 35%] Built target sensor_msgs_generate_messages_lisp
[ 35%] Built target nav_msgs_generate_messages_cpp
[ 35%] Built target mavros_msgs_generate_messages_py
[ 35%] Built target nav_msgs_generate_messages_lisp
[ 35%] Built target actionlib_msgs_generate_messages_cpp
[ 35%] Built target std_srvs_generate_messages_cpp
[ 35%] Built target roscpp_generate_messages_eus
[ 35%] Built target rosgraph_msgs_generate_messages_py
[ 35%] Built target actionlib_msgs_generate_messages_eus
[ 35%] Built target actionlib_msgs_generate_messages_py
[ 35%] Built target diagnostic_msgs_generate_messages_cpp
[ 35%] Built target actionlib_generate_messages_eus
[ 35%] Built target geometry_msgs_generate_messages_cpp
[ 35%] Built target actionlib_generate_messages_lisp
[ 35%] Built target tf2_msgs_generate_messages_cpp
[ 35%] Built target nav_msgs_generate_messages_eus
[ 35%] Built target tf2_msgs_generate_messages_eus
[ 35%] Built target nav_msgs_generate_messages_py
[ 35%] Built target tf2_msgs_generate_messages_lisp
[ 35%] Built target actionlib_generate_messages_py
[ 35%] Built target tf2_msgs_generate_messages_py
[ 35%] Built target tf2_msgs_generate_messages_nodejs
[ 35%] Built target trajectory_msgs_generate_messages_lisp
[ 35%] Built target _offb_generate_messages_check_deps_Circle
[ 41%] Built target cycle_detect_new_node
[ 48%] Built target offb_node
[ 54%] Built target com_node
[ 61%] Built target communicate_node
[ 67%] Built target H_detect_node
[ 74%] Built target showinfo_node
[ 77%] Built target offb_generate_messages_nodejs
[ 83%] Built target offb_generate_messages_py
[ 87%] Built target offb_generate_messages_lisp
[ 93%] Built target offb_generate_messages_eus
[ 96%] Built target offb_generate_messages_cpp
[ 96%] Built target offb_generate_messages
[100%] [32m[1mLinking CXX executable /home/qyb/catkin_ws/devel/.private/offb/lib/offb/node_flyput_node[0m
[100%] Built target node_flyput_node
