[01m[K/home/qyb/catkin_ws/src/offb/src/juxin_detect.cpp:[m[K In function ‘[01m[Kvoid process_image(const ImageConstPtr&)[m[K’:
[01m[K/home/qyb/catkin_ws/src/offb/src/juxin_detect.cpp:59:45:[m[K [01;35m[Kwarning: [m[Knarrowing conversion of ‘[01m[K(M.cv::Moments::m10 / M.cv::Moments::m00)[m[K’ from ‘[01m[Kdouble[m[K’ to ‘[01m[Kint[m[K’ inside { } [[01;35m[K-Wnarrowing[m[K]
                 min_radius_center = { [01;35m[KM.m10 / M.m00[m[K, M.m01 / M.m00 };
                                       [01;35m[K~~~~~~^~~~~~~[m[K
[01m[K/home/qyb/catkin_ws/src/offb/src/juxin_detect.cpp:59:60:[m[K [01;35m[Kwarning: [m[Knarrowing conversion of ‘[01m[K(M.cv::Moments::m01 / M.cv::Moments::m00)[m[K’ from ‘[01m[Kdouble[m[K’ to ‘[01m[Kint[m[K’ inside { } [[01;35m[K-Wnarrowing[m[K]
                 min_radius_center = { M.m10 / M.m00, [01;35m[KM.m01 / M.m00[m[K };
                                                      [01;35m[K~~~~~~^~~~~~~[m[K
[01m[K/home/qyb/catkin_ws/src/offb/src/juxin_detect.cpp:[m[K In function ‘[01m[Kint main(int, char**)[m[K’:
[01m[K/home/qyb/catkin_ws/src/offb/src/juxin_detect.cpp:124:34:[m[K [01;35m[Kwarning: [m[Knarrowing conversion of ‘[01m[K(M.cv::Moments::m10 / M.cv::Moments::m00)[m[K’ from ‘[01m[Kdouble[m[K’ to ‘[01m[Kint[m[K’ inside { } [[01;35m[K-Wnarrowing[m[K]
                 center = { [01;35m[KM.m10 / M.m00[m[K, M.m01 / M.m00 };
                            [01;35m[K~~~~~~^~~~~~~[m[K
[01m[K/home/qyb/catkin_ws/src/offb/src/juxin_detect.cpp:124:49:[m[K [01;35m[Kwarning: [m[Knarrowing conversion of ‘[01m[K(M.cv::Moments::m01 / M.cv::Moments::m00)[m[K’ from ‘[01m[Kdouble[m[K’ to ‘[01m[Kint[m[K’ inside { } [[01;35m[K-Wnarrowing[m[K]
                 center = { M.m10 / M.m00, [01;35m[KM.m01 / M.m00[m[K };
                                           [01;35m[K~~~~~~^~~~~~~[m[K
[01m[K/home/qyb/catkin_ws/src/offb/src/juxin_detect.cpp:126:36:[m[K [01;31m[Kerror: [m[K‘[01m[Kcolor[m[K’ was not declared in this scope
   circle(contour_image, center, 4, [01;31m[Kcolor[m[K, -1, 8, 0 );
                                    [01;31m[K^~~~~[m[K
[01m[K/home/qyb/catkin_ws/src/offb/src/juxin_detect.cpp:126:36:[m[K [01;36m[Knote: [m[Ksuggested alternative: ‘[01m[KcvXor[m[K’
   circle(contour_image, center, 4, [01;36m[Kcolor[m[K, -1, 8, 0 );
                                    [01;36m[K^~~~~[m[K
                                    [32m[KcvXor[m[K
make[2]: *** [CMakeFiles/juxin_detect_node.dir/src/juxin_detect.cpp.o] Error 1
make[1]: *** [CMakeFiles/juxin_detect_node.dir/all] Error 2
make: *** [all] Error 2
