Determining if the pthread_create exist failed with the following output:
Change Dir: /home/qyb/catkin_ws/build/vision_opencv/CMakeFiles/CMakeTmp

Run Build Command:"/usr/bin/make" "cmTC_bdb2a/fast"
/usr/bin/make -f CMakeFiles/cmTC_bdb2a.dir/build.make CMakeFiles/cmTC_bdb2a.dir/build
make[1]: 进入目录“/home/qyb/catkin_ws/build/vision_opencv/CMakeFiles/CMakeTmp”
Building C object CMakeFiles/cmTC_bdb2a.dir/CheckSymbolExists.c.o
/usr/bin/cc    -o CMakeFiles/cmTC_bdb2a.dir/CheckSymbolExists.c.o   -c /home/qyb/catkin_ws/build/vision_opencv/CMakeFiles/CMakeTmp/CheckSymbolExists.c
Linking C executable cmTC_bdb2a
/usr/bin/cmake -E cmake_link_script CMakeFiles/cmTC_bdb2a.dir/link.txt --verbose=1
/usr/bin/cc      -rdynamic CMakeFiles/cmTC_bdb2a.dir/CheckSymbolExists.c.o  -o cmTC_bdb2a 
CMakeFiles/cmTC_bdb2a.dir/CheckSymbolExists.c.o：在函数‘main’中：
CheckSymbolExists.c:(.text+0x1b)：对‘pthread_create’未定义的引用
collect2: error: ld returned 1 exit status
CMakeFiles/cmTC_bdb2a.dir/build.make:97: recipe for target 'cmTC_bdb2a' failed
make[1]: *** [cmTC_bdb2a] Error 1
make[1]: 离开目录“/home/qyb/catkin_ws/build/vision_opencv/CMakeFiles/CMakeTmp”
Makefile:126: recipe for target 'cmTC_bdb2a/fast' failed
make: *** [cmTC_bdb2a/fast] Error 2

File /home/qyb/catkin_ws/build/vision_opencv/CMakeFiles/CMakeTmp/CheckSymbolExists.c:
/* */
#include <pthread.h>

int main(int argc, char** argv)
{
  (void)argv;
#ifndef pthread_create
  return ((int*)(&pthread_create))[argc];
#else
  (void)argc;
  return 0;
#endif
}

Determining if the function pthread_create exists in the pthreads failed with the following output:
Change Dir: /home/qyb/catkin_ws/build/vision_opencv/CMakeFiles/CMakeTmp

Run Build Command:"/usr/bin/make" "cmTC_77b60/fast"
/usr/bin/make -f CMakeFiles/cmTC_77b60.dir/build.make CMakeFiles/cmTC_77b60.dir/build
make[1]: 进入目录“/home/qyb/catkin_ws/build/vision_opencv/CMakeFiles/CMakeTmp”
Building C object CMakeFiles/cmTC_77b60.dir/CheckFunctionExists.c.o
/usr/bin/cc   -DCHECK_FUNCTION_EXISTS=pthread_create   -o CMakeFiles/cmTC_77b60.dir/CheckFunctionExists.c.o   -c /usr/share/cmake-3.10/Modules/CheckFunctionExists.c
Linking C executable cmTC_77b60
/usr/bin/cmake -E cmake_link_script CMakeFiles/cmTC_77b60.dir/link.txt --verbose=1
/usr/bin/cc  -DCHECK_FUNCTION_EXISTS=pthread_create    -rdynamic CMakeFiles/cmTC_77b60.dir/CheckFunctionExists.c.o  -o cmTC_77b60 -lpthreads 
/usr/bin/ld: 找不到 -lpthreads
collect2: error: ld returned 1 exit status
CMakeFiles/cmTC_77b60.dir/build.make:97: recipe for target 'cmTC_77b60' failed
make[1]: *** [cmTC_77b60] Error 1
make[1]: 离开目录“/home/qyb/catkin_ws/build/vision_opencv/CMakeFiles/CMakeTmp”
Makefile:126: recipe for target 'cmTC_77b60/fast' failed
make: *** [cmTC_77b60/fast] Error 2


